<?xml version="1.0" encoding="UTF-8"?>
<testsuite xmlns:xsi="http://www.w3.org/2001/XMLSchema-instance" xsi:noNamespaceSchemaLocation="https://maven.apache.org/surefire/maven-surefire-plugin/xsd/surefire-test-report-3.0.xsd" version="3.0" name="com.helios.api.HeliosApiApplicationTests" time="14.451" tests="2" errors="0" skipped="0" failures="0">
  <properties>
    <property name="java.specification.version" value="20"/>
    <property name="sun.cpu.isalist" value="amd64"/>
    <property name="sun.jnu.encoding" value="Cp1252"/>
    <property name="java.class.path" value="D:\ICBT\Assignments\Applications\Helios\helios-api\target\test-classes;D:\ICBT\Assignments\Applications\Helios\helios-api\target\classes;C:\Users\WRECKER\.m2\repository\org\springframework\boot\spring-boot-starter-data-jpa\3.1.3\spring-boot-starter-data-jpa-3.1.3.jar;C:\Users\WRECKER\.m2\repository\org\springframework\boot\spring-boot-starter-aop\3.1.3\spring-boot-starter-aop-3.1.3.jar;C:\Users\WRECKER\.m2\repository\org\aspectj\aspectjweaver\1.9.20\aspectjweaver-1.9.20.jar;C:\Users\WRECKER\.m2\repository\org\springframework\boot\spring-boot-starter-jdbc\3.1.3\spring-boot-starter-jdbc-3.1.3.jar;C:\Users\WRECKER\.m2\repository\com\zaxxer\HikariCP\5.0.1\HikariCP-5.0.1.jar;C:\Users\WRECKER\.m2\repository\org\springframework\spring-jdbc\6.0.11\spring-jdbc-6.0.11.jar;C:\Users\WRECKER\.m2\repository\org\hibernate\orm\hibernate-core\6.2.7.Final\hibernate-core-6.2.7.Final.jar;C:\Users\WRECKER\.m2\repository\jakarta\persistence\jakarta.persistence-api\3.1.0\jakarta.persistence-api-3.1.0.jar;C:\Users\WRECKER\.m2\repository\jakarta\transaction\jakarta.transaction-api\2.0.1\jakarta.transaction-api-2.0.1.jar;C:\Users\WRECKER\.m2\repository\org\jboss\logging\jboss-logging\3.5.3.Final\jboss-logging-3.5.3.Final.jar;C:\Users\WRECKER\.m2\repository\org\hibernate\common\hibernate-commons-annotations\6.0.6.Final\hibernate-commons-annotations-6.0.6.Final.jar;C:\Users\WRECKER\.m2\repository\io\smallrye\jandex\3.0.5\jandex-3.0.5.jar;C:\Users\WRECKER\.m2\repository\com\fasterxml\classmate\1.5.1\classmate-1.5.1.jar;C:\Users\WRECKER\.m2\repository\net\bytebuddy\byte-buddy\1.14.6\byte-buddy-1.14.6.jar;C:\Users\WRECKER\.m2\repository\org\glassfish\jaxb\jaxb-runtime\4.0.3\jaxb-runtime-4.0.3.jar;C:\Users\WRECKER\.m2\repository\org\glassfish\jaxb\jaxb-core\4.0.3\jaxb-core-4.0.3.jar;C:\Users\WRECKER\.m2\repository\org\glassfish\jaxb\txw2\4.0.3\txw2-4.0.3.jar;C:\Users\WRECKER\.m2\repository\com\sun\istack\istack-commons-runtime\4.1.2\istack-commons-runtime-4.1.2.jar;C:\Users\WRECKER\.m2\repository\jakarta\inject\jakarta.inject-api\2.0.1\jakarta.inject-api-2.0.1.jar;C:\Users\WRECKER\.m2\repository\org\antlr\antlr4-runtime\4.10.1\antlr4-runtime-4.10.1.jar;C:\Users\WRECKER\.m2\repository\org\springframework\data\spring-data-jpa\3.1.3\spring-data-jpa-3.1.3.jar;C:\Users\WRECKER\.m2\repository\org\springframework\data\spring-data-commons\3.1.3\spring-data-commons-3.1.3.jar;C:\Users\WRECKER\.m2\repository\org\springframework\spring-orm\6.0.11\spring-orm-6.0.11.jar;C:\Users\WRECKER\.m2\repository\org\springframework\spring-context\6.0.11\spring-context-6.0.11.jar;C:\Users\WRECKER\.m2\repository\org\springframework\spring-tx\6.0.11\spring-tx-6.0.11.jar;C:\Users\WRECKER\.m2\repository\org\springframework\spring-beans\6.0.11\spring-beans-6.0.11.jar;C:\Users\WRECKER\.m2\repository\jakarta\annotation\jakarta.annotation-api\2.1.1\jakarta.annotation-api-2.1.1.jar;C:\Users\WRECKER\.m2\repository\org\slf4j\slf4j-api\2.0.7\slf4j-api-2.0.7.jar;C:\Users\WRECKER\.m2\repository\org\springframework\spring-aspects\6.0.11\spring-aspects-6.0.11.jar;C:\Users\WRECKER\.m2\repository\org\springframework\boot\spring-boot-starter-web\3.1.3\spring-boot-starter-web-3.1.3.jar;C:\Users\WRECKER\.m2\repository\org\springframework\boot\spring-boot-starter\3.1.3\spring-boot-starter-3.1.3.jar;C:\Users\WRECKER\.m2\repository\org\springframework\boot\spring-boot-starter-logging\3.1.3\spring-boot-starter-logging-3.1.3.jar;C:\Users\WRECKER\.m2\repository\ch\qos\logback\logback-classic\1.4.11\logback-classic-1.4.11.jar;C:\Users\WRECKER\.m2\repository\ch\qos\logback\logback-core\1.4.11\logback-core-1.4.11.jar;C:\Users\WRECKER\.m2\repository\org\apache\logging\log4j\log4j-to-slf4j\2.20.0\log4j-to-slf4j-2.20.0.jar;C:\Users\WRECKER\.m2\repository\org\apache\logging\log4j\log4j-api\2.20.0\log4j-api-2.20.0.jar;C:\Users\WRECKER\.m2\repository\org\slf4j\jul-to-slf4j\2.0.7\jul-to-slf4j-2.0.7.jar;C:\Users\WRECKER\.m2\repository\org\yaml\snakeyaml\1.33\snakeyaml-1.33.jar;C:\Users\WRECKER\.m2\repository\org\springframework\boot\spring-boot-starter-json\3.1.3\spring-boot-starter-json-3.1.3.jar;C:\Users\WRECKER\.m2\repository\com\fasterxml\jackson\datatype\jackson-datatype-jdk8\2.15.2\jackson-datatype-jdk8-2.15.2.jar;C:\Users\WRECKER\.m2\repository\com\fasterxml\jackson\datatype\jackson-datatype-jsr310\2.15.2\jackson-datatype-jsr310-2.15.2.jar;C:\Users\WRECKER\.m2\repository\com\fasterxml\jackson\module\jackson-module-parameter-names\2.15.2\jackson-module-parameter-names-2.15.2.jar;C:\Users\WRECKER\.m2\repository\org\springframework\boot\spring-boot-starter-tomcat\3.1.3\spring-boot-starter-tomcat-3.1.3.jar;C:\Users\WRECKER\.m2\repository\org\apache\tomcat\embed\tomcat-embed-core\10.1.12\tomcat-embed-core-10.1.12.jar;C:\Users\WRECKER\.m2\repository\org\apache\tomcat\embed\tomcat-embed-el\10.1.12\tomcat-embed-el-10.1.12.jar;C:\Users\WRECKER\.m2\repository\org\apache\tomcat\embed\tomcat-embed-websocket\10.1.12\tomcat-embed-websocket-10.1.12.jar;C:\Users\WRECKER\.m2\repository\org\springframework\spring-web\6.0.11\spring-web-6.0.11.jar;C:\Users\WRECKER\.m2\repository\io\micrometer\micrometer-observation\1.11.3\micrometer-observation-1.11.3.jar;C:\Users\WRECKER\.m2\repository\io\micrometer\micrometer-commons\1.11.3\micrometer-commons-1.11.3.jar;C:\Users\WRECKER\.m2\repository\org\springframework\spring-webmvc\6.0.11\spring-webmvc-6.0.11.jar;C:\Users\WRECKER\.m2\repository\org\springframework\spring-expression\6.0.11\spring-expression-6.0.11.jar;C:\Users\WRECKER\.m2\repository\com\mysql\mysql-connector-j\8.0.33\mysql-connector-j-8.0.33.jar;C:\Users\WRECKER\.m2\repository\org\projectlombok\lombok\1.18.28\lombok-1.18.28.jar;C:\Users\WRECKER\.m2\repository\org\springframework\boot\spring-boot-starter-test\3.1.3\spring-boot-starter-test-3.1.3.jar;C:\Users\WRECKER\.m2\repository\org\springframework\boot\spring-boot-test\3.1.3\spring-boot-test-3.1.3.jar;C:\Users\WRECKER\.m2\repository\org\springframework\boot\spring-boot-test-autoconfigure\3.1.3\spring-boot-test-autoconfigure-3.1.3.jar;C:\Users\WRECKER\.m2\repository\com\jayway\jsonpath\json-path\2.8.0\json-path-2.8.0.jar;C:\Users\WRECKER\.m2\repository\jakarta\xml\bind\jakarta.xml.bind-api\4.0.0\jakarta.xml.bind-api-4.0.0.jar;C:\Users\WRECKER\.m2\repository\jakarta\activation\jakarta.activation-api\2.1.2\jakarta.activation-api-2.1.2.jar;C:\Users\WRECKER\.m2\repository\net\minidev\json-smart\2.4.11\json-smart-2.4.11.jar;C:\Users\WRECKER\.m2\repository\net\minidev\accessors-smart\2.4.11\accessors-smart-2.4.11.jar;C:\Users\WRECKER\.m2\repository\org\ow2\asm\asm\9.3\asm-9.3.jar;C:\Users\WRECKER\.m2\repository\org\assertj\assertj-core\3.24.2\assertj-core-3.24.2.jar;C:\Users\WRECKER\.m2\repository\org\hamcrest\hamcrest\2.2\hamcrest-2.2.jar;C:\Users\WRECKER\.m2\repository\org\junit\jupiter\junit-jupiter\5.9.3\junit-jupiter-5.9.3.jar;C:\Users\WRECKER\.m2\repository\org\junit\jupiter\junit-jupiter-api\5.9.3\junit-jupiter-api-5.9.3.jar;C:\Users\WRECKER\.m2\repository\org\opentest4j\opentest4j\1.2.0\opentest4j-1.2.0.jar;C:\Users\WRECKER\.m2\repository\org\junit\platform\junit-platform-commons\1.9.3\junit-platform-commons-1.9.3.jar;C:\Users\WRECKER\.m2\repository\org\apiguardian\apiguardian-api\1.1.2\apiguardian-api-1.1.2.jar;C:\Users\WRECKER\.m2\repository\org\junit\jupiter\junit-jupiter-params\5.9.3\junit-jupiter-params-5.9.3.jar;C:\Users\WRECKER\.m2\repository\org\junit\jupiter\junit-jupiter-engine\5.9.3\junit-jupiter-engine-5.9.3.jar;C:\Users\WRECKER\.m2\repository\org\junit\platform\junit-platform-engine\1.9.3\junit-platform-engine-1.9.3.jar;C:\Users\WRECKER\.m2\repository\org\mockito\mockito-core\5.3.1\mockito-core-5.3.1.jar;C:\Users\WRECKER\.m2\repository\net\bytebuddy\byte-buddy-agent\1.14.6\byte-buddy-agent-1.14.6.jar;C:\Users\WRECKER\.m2\repository\org\objenesis\objenesis\3.3\objenesis-3.3.jar;C:\Users\WRECKER\.m2\repository\org\mockito\mockito-junit-jupiter\5.3.1\mockito-junit-jupiter-5.3.1.jar;C:\Users\WRECKER\.m2\repository\org\skyscreamer\jsonassert\1.5.1\jsonassert-1.5.1.jar;C:\Users\WRECKER\.m2\repository\com\vaadin\external\google\android-json\0.0.20131108.vaadin1\android-json-0.0.20131108.vaadin1.jar;C:\Users\WRECKER\.m2\repository\org\springframework\spring-core\6.0.11\spring-core-6.0.11.jar;C:\Users\WRECKER\.m2\repository\org\springframework\spring-jcl\6.0.11\spring-jcl-6.0.11.jar;C:\Users\WRECKER\.m2\repository\org\springframework\spring-test\6.0.11\spring-test-6.0.11.jar;C:\Users\WRECKER\.m2\repository\org\xmlunit\xmlunit-core\2.9.1\xmlunit-core-2.9.1.jar;C:\Users\WRECKER\.m2\repository\org\modelmapper\modelmapper\3.1.1\modelmapper-3.1.1.jar;C:\Users\WRECKER\.m2\repository\org\springframework\boot\spring-boot-starter-security\3.1.2\spring-boot-starter-security-3.1.2.jar;C:\Users\WRECKER\.m2\repository\org\springframework\spring-aop\6.0.11\spring-aop-6.0.11.jar;C:\Users\WRECKER\.m2\repository\org\springframework\security\spring-security-config\6.1.3\spring-security-config-6.1.3.jar;C:\Users\WRECKER\.m2\repository\org\springframework\security\spring-security-core\6.1.3\spring-security-core-6.1.3.jar;C:\Users\WRECKER\.m2\repository\org\springframework\security\spring-security-crypto\6.1.3\spring-security-crypto-6.1.3.jar;C:\Users\WRECKER\.m2\repository\org\springframework\security\spring-security-web\6.1.3\spring-security-web-6.1.3.jar;C:\Users\WRECKER\.m2\repository\io\jsonwebtoken\jjwt-api\0.11.5\jjwt-api-0.11.5.jar;C:\Users\WRECKER\.m2\repository\io\jsonwebtoken\jjwt-impl\0.11.5\jjwt-impl-0.11.5.jar;C:\Users\WRECKER\.m2\repository\io\jsonwebtoken\jjwt-jackson\0.11.5\jjwt-jackson-0.11.5.jar;C:\Users\WRECKER\.m2\repository\com\fasterxml\jackson\core\jackson-databind\2.15.2\jackson-databind-2.15.2.jar;C:\Users\WRECKER\.m2\repository\com\fasterxml\jackson\core\jackson-annotations\2.15.2\jackson-annotations-2.15.2.jar;C:\Users\WRECKER\.m2\repository\com\fasterxml\jackson\core\jackson-core\2.15.2\jackson-core-2.15.2.jar;C:\Users\WRECKER\.m2\repository\org\springframework\boot\spring-boot-devtools\3.1.3\spring-boot-devtools-3.1.3.jar;C:\Users\WRECKER\.m2\repository\org\springframework\boot\spring-boot\3.1.3\spring-boot-3.1.3.jar;C:\Users\WRECKER\.m2\repository\org\springframework\boot\spring-boot-autoconfigure\3.1.3\spring-boot-autoconfigure-3.1.3.jar;C:\Users\WRECKER\.m2\repository\org\springframework\boot\spring-boot-starter-mail\3.1.3\spring-boot-starter-mail-3.1.3.jar;C:\Users\WRECKER\.m2\repository\org\springframework\spring-context-support\6.0.11\spring-context-support-6.0.11.jar;C:\Users\WRECKER\.m2\repository\org\eclipse\angus\jakarta.mail\1.1.0\jakarta.mail-1.1.0.jar;C:\Users\WRECKER\.m2\repository\org\eclipse\angus\angus-activation\2.0.1\angus-activation-2.0.1.jar;C:\Users\WRECKER\.m2\repository\com\h2database\h2\2.1.214\h2-2.1.214.jar;"/>
    <property name="java.vm.vendor" value="Oracle Corporation"/>
    <property name="sun.arch.data.model" value="64"/>
    <property name="user.variant" value=""/>
    <property name="java.vendor.url" value="https://java.oracle.com/"/>
    <property name="user.timezone" value="Asia/Colombo"/>
    <property name="org.jboss.logging.provider" value="slf4j"/>
    <property name="os.name" value="Windows 10"/>
    <property name="java.vm.specification.version" value="20"/>
    <property name="sun.java.launcher" value="SUN_STANDARD"/>
    <property name="user.country" value="US"/>
    <property name="sun.boot.library.path" value="C:\Users\WRECKER\.jdks\openjdk-20.0.1\bin"/>
    <property name="sun.java.command" value="C:\Users\WRECKER\AppData\Local\Temp\surefire3095308610211775235\surefirebooter-20240418105737436_3.jar C:\Users\WRECKER\AppData\Local\Temp\surefire3095308610211775235 2024-04-18T10-57-37_111-jvmRun1 surefire-20240418105737436_1tmp surefire_0-20240418105737436_2tmp"/>
    <property name="jdk.debug" value="release"/>
    <property name="surefire.test.class.path" value="D:\ICBT\Assignments\Applications\Helios\helios-api\target\test-classes;D:\ICBT\Assignments\Applications\Helios\helios-api\target\classes;C:\Users\WRECKER\.m2\repository\org\springframework\boot\spring-boot-starter-data-jpa\3.1.3\spring-boot-starter-data-jpa-3.1.3.jar;C:\Users\WRECKER\.m2\repository\org\springframework\boot\spring-boot-starter-aop\3.1.3\spring-boot-starter-aop-3.1.3.jar;C:\Users\WRECKER\.m2\repository\org\aspectj\aspectjweaver\1.9.20\aspectjweaver-1.9.20.jar;C:\Users\WRECKER\.m2\repository\org\springframework\boot\spring-boot-starter-jdbc\3.1.3\spring-boot-starter-jdbc-3.1.3.jar;C:\Users\WRECKER\.m2\repository\com\zaxxer\HikariCP\5.0.1\HikariCP-5.0.1.jar;C:\Users\WRECKER\.m2\repository\org\springframework\spring-jdbc\6.0.11\spring-jdbc-6.0.11.jar;C:\Users\WRECKER\.m2\repository\org\hibernate\orm\hibernate-core\6.2.7.Final\hibernate-core-6.2.7.Final.jar;C:\Users\WRECKER\.m2\repository\jakarta\persistence\jakarta.persistence-api\3.1.0\jakarta.persistence-api-3.1.0.jar;C:\Users\WRECKER\.m2\repository\jakarta\transaction\jakarta.transaction-api\2.0.1\jakarta.transaction-api-2.0.1.jar;C:\Users\WRECKER\.m2\repository\org\jboss\logging\jboss-logging\3.5.3.Final\jboss-logging-3.5.3.Final.jar;C:\Users\WRECKER\.m2\repository\org\hibernate\common\hibernate-commons-annotations\6.0.6.Final\hibernate-commons-annotations-6.0.6.Final.jar;C:\Users\WRECKER\.m2\repository\io\smallrye\jandex\3.0.5\jandex-3.0.5.jar;C:\Users\WRECKER\.m2\repository\com\fasterxml\classmate\1.5.1\classmate-1.5.1.jar;C:\Users\WRECKER\.m2\repository\net\bytebuddy\byte-buddy\1.14.6\byte-buddy-1.14.6.jar;C:\Users\WRECKER\.m2\repository\org\glassfish\jaxb\jaxb-runtime\4.0.3\jaxb-runtime-4.0.3.jar;C:\Users\WRECKER\.m2\repository\org\glassfish\jaxb\jaxb-core\4.0.3\jaxb-core-4.0.3.jar;C:\Users\WRECKER\.m2\repository\org\glassfish\jaxb\txw2\4.0.3\txw2-4.0.3.jar;C:\Users\WRECKER\.m2\repository\com\sun\istack\istack-commons-runtime\4.1.2\istack-commons-runtime-4.1.2.jar;C:\Users\WRECKER\.m2\repository\jakarta\inject\jakarta.inject-api\2.0.1\jakarta.inject-api-2.0.1.jar;C:\Users\WRECKER\.m2\repository\org\antlr\antlr4-runtime\4.10.1\antlr4-runtime-4.10.1.jar;C:\Users\WRECKER\.m2\repository\org\springframework\data\spring-data-jpa\3.1.3\spring-data-jpa-3.1.3.jar;C:\Users\WRECKER\.m2\repository\org\springframework\data\spring-data-commons\3.1.3\spring-data-commons-3.1.3.jar;C:\Users\WRECKER\.m2\repository\org\springframework\spring-orm\6.0.11\spring-orm-6.0.11.jar;C:\Users\WRECKER\.m2\repository\org\springframework\spring-context\6.0.11\spring-context-6.0.11.jar;C:\Users\WRECKER\.m2\repository\org\springframework\spring-tx\6.0.11\spring-tx-6.0.11.jar;C:\Users\WRECKER\.m2\repository\org\springframework\spring-beans\6.0.11\spring-beans-6.0.11.jar;C:\Users\WRECKER\.m2\repository\jakarta\annotation\jakarta.annotation-api\2.1.1\jakarta.annotation-api-2.1.1.jar;C:\Users\WRECKER\.m2\repository\org\slf4j\slf4j-api\2.0.7\slf4j-api-2.0.7.jar;C:\Users\WRECKER\.m2\repository\org\springframework\spring-aspects\6.0.11\spring-aspects-6.0.11.jar;C:\Users\WRECKER\.m2\repository\org\springframework\boot\spring-boot-starter-web\3.1.3\spring-boot-starter-web-3.1.3.jar;C:\Users\WRECKER\.m2\repository\org\springframework\boot\spring-boot-starter\3.1.3\spring-boot-starter-3.1.3.jar;C:\Users\WRECKER\.m2\repository\org\springframework\boot\spring-boot-starter-logging\3.1.3\spring-boot-starter-logging-3.1.3.jar;C:\Users\WRECKER\.m2\repository\ch\qos\logback\logback-classic\1.4.11\logback-classic-1.4.11.jar;C:\Users\WRECKER\.m2\repository\ch\qos\logback\logback-core\1.4.11\logback-core-1.4.11.jar;C:\Users\WRECKER\.m2\repository\org\apache\logging\log4j\log4j-to-slf4j\2.20.0\log4j-to-slf4j-2.20.0.jar;C:\Users\WRECKER\.m2\repository\org\apache\logging\log4j\log4j-api\2.20.0\log4j-api-2.20.0.jar;C:\Users\WRECKER\.m2\repository\org\slf4j\jul-to-slf4j\2.0.7\jul-to-slf4j-2.0.7.jar;C:\Users\WRECKER\.m2\repository\org\yaml\snakeyaml\1.33\snakeyaml-1.33.jar;C:\Users\WRECKER\.m2\repository\org\springframework\boot\spring-boot-starter-json\3.1.3\spring-boot-starter-json-3.1.3.jar;C:\Users\WRECKER\.m2\repository\com\fasterxml\jackson\datatype\jackson-datatype-jdk8\2.15.2\jackson-datatype-jdk8-2.15.2.jar;C:\Users\WRECKER\.m2\repository\com\fasterxml\jackson\datatype\jackson-datatype-jsr310\2.15.2\jackson-datatype-jsr310-2.15.2.jar;C:\Users\WRECKER\.m2\repository\com\fasterxml\jackson\module\jackson-module-parameter-names\2.15.2\jackson-module-parameter-names-2.15.2.jar;C:\Users\WRECKER\.m2\repository\org\springframework\boot\spring-boot-starter-tomcat\3.1.3\spring-boot-starter-tomcat-3.1.3.jar;C:\Users\WRECKER\.m2\repository\org\apache\tomcat\embed\tomcat-embed-core\10.1.12\tomcat-embed-core-10.1.12.jar;C:\Users\WRECKER\.m2\repository\org\apache\tomcat\embed\tomcat-embed-el\10.1.12\tomcat-embed-el-10.1.12.jar;C:\Users\WRECKER\.m2\repository\org\apache\tomcat\embed\tomcat-embed-websocket\10.1.12\tomcat-embed-websocket-10.1.12.jar;C:\Users\WRECKER\.m2\repository\org\springframework\spring-web\6.0.11\spring-web-6.0.11.jar;C:\Users\WRECKER\.m2\repository\io\micrometer\micrometer-observation\1.11.3\micrometer-observation-1.11.3.jar;C:\Users\WRECKER\.m2\repository\io\micrometer\micrometer-commons\1.11.3\micrometer-commons-1.11.3.jar;C:\Users\WRECKER\.m2\repository\org\springframework\spring-webmvc\6.0.11\spring-webmvc-6.0.11.jar;C:\Users\WRECKER\.m2\repository\org\springframework\spring-expression\6.0.11\spring-expression-6.0.11.jar;C:\Users\WRECKER\.m2\repository\com\mysql\mysql-connector-j\8.0.33\mysql-connector-j-8.0.33.jar;C:\Users\WRECKER\.m2\repository\org\projectlombok\lombok\1.18.28\lombok-1.18.28.jar;C:\Users\WRECKER\.m2\repository\org\springframework\boot\spring-boot-starter-test\3.1.3\spring-boot-starter-test-3.1.3.jar;C:\Users\WRECKER\.m2\repository\org\springframework\boot\spring-boot-test\3.1.3\spring-boot-test-3.1.3.jar;C:\Users\WRECKER\.m2\repository\org\springframework\boot\spring-boot-test-autoconfigure\3.1.3\spring-boot-test-autoconfigure-3.1.3.jar;C:\Users\WRECKER\.m2\repository\com\jayway\jsonpath\json-path\2.8.0\json-path-2.8.0.jar;C:\Users\WRECKER\.m2\repository\jakarta\xml\bind\jakarta.xml.bind-api\4.0.0\jakarta.xml.bind-api-4.0.0.jar;C:\Users\WRECKER\.m2\repository\jakarta\activation\jakarta.activation-api\2.1.2\jakarta.activation-api-2.1.2.jar;C:\Users\WRECKER\.m2\repository\net\minidev\json-smart\2.4.11\json-smart-2.4.11.jar;C:\Users\WRECKER\.m2\repository\net\minidev\accessors-smart\2.4.11\accessors-smart-2.4.11.jar;C:\Users\WRECKER\.m2\repository\org\ow2\asm\asm\9.3\asm-9.3.jar;C:\Users\WRECKER\.m2\repository\org\assertj\assertj-core\3.24.2\assertj-core-3.24.2.jar;C:\Users\WRECKER\.m2\repository\org\hamcrest\hamcrest\2.2\hamcrest-2.2.jar;C:\Users\WRECKER\.m2\repository\org\junit\jupiter\junit-jupiter\5.9.3\junit-jupiter-5.9.3.jar;C:\Users\WRECKER\.m2\repository\org\junit\jupiter\junit-jupiter-api\5.9.3\junit-jupiter-api-5.9.3.jar;C:\Users\WRECKER\.m2\repository\org\opentest4j\opentest4j\1.2.0\opentest4j-1.2.0.jar;C:\Users\WRECKER\.m2\repository\org\junit\platform\junit-platform-commons\1.9.3\junit-platform-commons-1.9.3.jar;C:\Users\WRECKER\.m2\repository\org\apiguardian\apiguardian-api\1.1.2\apiguardian-api-1.1.2.jar;C:\Users\WRECKER\.m2\repository\org\junit\jupiter\junit-jupiter-params\5.9.3\junit-jupiter-params-5.9.3.jar;C:\Users\WRECKER\.m2\repository\org\junit\jupiter\junit-jupiter-engine\5.9.3\junit-jupiter-engine-5.9.3.jar;C:\Users\WRECKER\.m2\repository\org\junit\platform\junit-platform-engine\1.9.3\junit-platform-engine-1.9.3.jar;C:\Users\WRECKER\.m2\repository\org\mockito\mockito-core\5.3.1\mockito-core-5.3.1.jar;C:\Users\WRECKER\.m2\repository\net\bytebuddy\byte-buddy-agent\1.14.6\byte-buddy-agent-1.14.6.jar;C:\Users\WRECKER\.m2\repository\org\objenesis\objenesis\3.3\objenesis-3.3.jar;C:\Users\WRECKER\.m2\repository\org\mockito\mockito-junit-jupiter\5.3.1\mockito-junit-jupiter-5.3.1.jar;C:\Users\WRECKER\.m2\repository\org\skyscreamer\jsonassert\1.5.1\jsonassert-1.5.1.jar;C:\Users\WRECKER\.m2\repository\com\vaadin\external\google\android-json\0.0.20131108.vaadin1\android-json-0.0.20131108.vaadin1.jar;C:\Users\WRECKER\.m2\repository\org\springframework\spring-core\6.0.11\spring-core-6.0.11.jar;C:\Users\WRECKER\.m2\repository\org\springframework\spring-jcl\6.0.11\spring-jcl-6.0.11.jar;C:\Users\WRECKER\.m2\repository\org\springframework\spring-test\6.0.11\spring-test-6.0.11.jar;C:\Users\WRECKER\.m2\repository\org\xmlunit\xmlunit-core\2.9.1\xmlunit-core-2.9.1.jar;C:\Users\WRECKER\.m2\repository\org\modelmapper\modelmapper\3.1.1\modelmapper-3.1.1.jar;C:\Users\WRECKER\.m2\repository\org\springframework\boot\spring-boot-starter-security\3.1.2\spring-boot-starter-security-3.1.2.jar;C:\Users\WRECKER\.m2\repository\org\springframework\spring-aop\6.0.11\spring-aop-6.0.11.jar;C:\Users\WRECKER\.m2\repository\org\springframework\security\spring-security-config\6.1.3\spring-security-config-6.1.3.jar;C:\Users\WRECKER\.m2\repository\org\springframework\security\spring-security-core\6.1.3\spring-security-core-6.1.3.jar;C:\Users\WRECKER\.m2\repository\org\springframework\security\spring-security-crypto\6.1.3\spring-security-crypto-6.1.3.jar;C:\Users\WRECKER\.m2\repository\org\springframework\security\spring-security-web\6.1.3\spring-security-web-6.1.3.jar;C:\Users\WRECKER\.m2\repository\io\jsonwebtoken\jjwt-api\0.11.5\jjwt-api-0.11.5.jar;C:\Users\WRECKER\.m2\repository\io\jsonwebtoken\jjwt-impl\0.11.5\jjwt-impl-0.11.5.jar;C:\Users\WRECKER\.m2\repository\io\jsonwebtoken\jjwt-jackson\0.11.5\jjwt-jackson-0.11.5.jar;C:\Users\WRECKER\.m2\repository\com\fasterxml\jackson\core\jackson-databind\2.15.2\jackson-databind-2.15.2.jar;C:\Users\WRECKER\.m2\repository\com\fasterxml\jackson\core\jackson-annotations\2.15.2\jackson-annotations-2.15.2.jar;C:\Users\WRECKER\.m2\repository\com\fasterxml\jackson\core\jackson-core\2.15.2\jackson-core-2.15.2.jar;C:\Users\WRECKER\.m2\repository\org\springframework\boot\spring-boot-devtools\3.1.3\spring-boot-devtools-3.1.3.jar;C:\Users\WRECKER\.m2\repository\org\springframework\boot\spring-boot\3.1.3\spring-boot-3.1.3.jar;C:\Users\WRECKER\.m2\repository\org\springframework\boot\spring-boot-autoconfigure\3.1.3\spring-boot-autoconfigure-3.1.3.jar;C:\Users\WRECKER\.m2\repository\org\springframework\boot\spring-boot-starter-mail\3.1.3\spring-boot-starter-mail-3.1.3.jar;C:\Users\WRECKER\.m2\repository\org\springframework\spring-context-support\6.0.11\spring-context-support-6.0.11.jar;C:\Users\WRECKER\.m2\repository\org\eclipse\angus\jakarta.mail\1.1.0\jakarta.mail-1.1.0.jar;C:\Users\WRECKER\.m2\repository\org\eclipse\angus\angus-activation\2.0.1\angus-activation-2.0.1.jar;C:\Users\WRECKER\.m2\repository\com\h2database\h2\2.1.214\h2-2.1.214.jar;"/>
    <property name="sun.cpu.endian" value="little"/>
    <property name="user.home" value="C:\Users\WRECKER"/>
    <property name="user.language" value="en"/>
    <property name="java.specification.vendor" value="Oracle Corporation"/>
    <property name="java.version.date" value="2023-04-18"/>
    <property name="java.home" value="C:\Users\WRECKER\.jdks\openjdk-20.0.1"/>
    <property name="file.separator" value="\"/>
    <property name="basedir" value="D:\ICBT\Assignments\Applications\Helios\helios-api"/>
    <property name="java.vm.compressedOopsMode" value="Zero based"/>
    <property name="line.separator" value="&#10;"/>
    <property name="java.vm.specification.vendor" value="Oracle Corporation"/>
    <property name="java.specification.name" value="Java Platform API Specification"/>
    <property name="FILE_LOG_CHARSET" value="UTF-8"/>
    <property name="java.awt.headless" value="true"/>
    <property name="surefire.real.class.path" value="C:\Users\WRECKER\AppData\Local\Temp\surefire3095308610211775235\surefirebooter-20240418105737436_3.jar"/>
    <property name="user.script" value=""/>
    <property name="sun.management.compiler" value="HotSpot 64-Bit Tiered Compilers"/>
    <property name="java.runtime.version" value="20.0.1+9-29"/>
    <property name="user.name" value="WRECKER"/>
    <property name="stdout.encoding" value="Cp1252"/>
    <property name="path.separator" value=";"/>
    <property name="os.version" value="10.0"/>
    <property name="java.runtime.name" value="OpenJDK Runtime Environment"/>
    <property name="file.encoding" value="UTF-8"/>
    <property name="java.vm.name" value="OpenJDK 64-Bit Server VM"/>
    <property name="localRepository" value="C:\Users\WRECKER\.m2\repository"/>
    <property name="java.vendor.url.bug" value="https://bugreport.java.com/bugreport/"/>
    <property name="java.io.tmpdir" value="C:\Users\WRECKER\AppData\Local\Temp\"/>
    <property name="idea.version" value="2023.2"/>
    <property name="com.zaxxer.hikari.pool_number" value="1"/>
    <property name="java.version" value="20.0.1"/>
    <property name="user.dir" value="D:\ICBT\Assignments\Applications\Helios\helios-api"/>
    <property name="os.arch" value="amd64"/>
    <property name="java.vm.specification.name" value="Java Virtual Machine Specification"/>
    <property name="PID" value="19184"/>
    <property name="sun.os.patch.level" value=""/>
    <property name="CONSOLE_LOG_CHARSET" value="UTF-8"/>
    <property name="native.encoding" value="Cp1252"/>
    <property name="java.library.path" value="C:\Users\WRECKER\.jdks\openjdk-20.0.1\bin;C:\WINDOWS\Sun\Java\bin;C:\WINDOWS\system32;C:\WINDOWS;C:\Program Files\Common Files\Oracle\Java\javapath;C:\ProgramData\Oracle\Java\javapath;C:\Windows\system32;C:\Windows;C:\Windows\System32\Wbem;C:\Windows\System32\WindowsPowerShell\v1.0\;C:\Windows\System32\OpenSSH\;C:\Program Files\Git\cmd;C:\Program Files\Git\mingw64\bin;C:\Program Files\Git\usr\bin;C:\xampp\php;C:\Program Files (x86)\NVIDIA Corporation\PhysX\Common;C:\Program Files\NVIDIA Corporation\NVIDIA NvDLISR;C:\apache-maven-3.6.3\bin;C:\Program Files\Redis\;C:\Program Files\dotnet\;C:\WINDOWS\system32;C:\WINDOWS;C:\WINDOWS\System32\Wbem;C:\WINDOWS\System32\WindowsPowerShell\v1.0\;C:\WINDOWS\System32\OpenSSH\;C:\ProgramData\ComposerSetup\bin;C:\Users\WRECKER\AppData\Roaming\Microsoft\Windows\Start Menu\Programs\Python 3.8;C:\Program Files\PuTTY\;C:\Program Files (x86)\Yarn\bin\;C:\Program Files\Go\bin;C:\Program Files\Docker\Docker\resources\bin;C:\laragon\bin\php\php-8.1;C:\Users\WRECKER\AppData\Roaming\nvm;C:\Program Files\nodejs;C:\Users\WRECKER\anaconda3;C:\Users\WRECKER\anaconda3\Library\mingw-w64\bin;C:\Users\WRECKER\anaconda3\Library\usr\bin;C:\Users\WRECKER\anaconda3\Library\bin;C:\Users\WRECKER\anaconda3\Scripts;C:\Users\WRECKER\AppData\Local\Programs\Python\Python312\Scripts\;C:\Users\WRECKER\AppData\Local\Programs\Python\Python312\;C:\Users\WRECKER\AppData\Local\Programs\Python\Launcher\;C:\laragon\bin;C:\laragon\bin\apache\httpd-2.4.54-win64-VS16\bin;C:\laragon\bin\composer;C:\laragon\bin\git\bin;C:\laragon\bin\git\cmd;C:\laragon\bin\git\mingw64\bin;C:\laragon\bin\git\usr\bin;C:\laragon\bin\laragon\utils;C:\laragon\bin\mysql\mysql-8.0.30-winx64\bin;C:\laragon\bin\nginx\nginx-1.22.0;C:\laragon\bin\ngrok;C:\laragon\bin\notepad++;C:\laragon\bin\php\php-8.1;C:\laragon\bin\python\python-3.10\Scripts;C:\laragon\bin\redis\redis-x64-5.0.14.1;C:\laragon\bin\telnet;C:\laragon\usr\bin;C:\Users\WRECKER\AppData\Local\Yarn\config\global\node_modules\.bin;C:\Users\WRECKER\AppData\Roaming\Composer\vendor\bin;C:\Users\WRECKER\AppData\Local\Microsoft\WindowsApps;C:\Users\WRECKER\AppData\Local\Programs\Microsoft VS Code\bin;C:\Users\WRECKER\AppData\Local\GitHubDesktop\bin;C:\src\flutter\bin;C:\Program Files\MongoDB\Server\4.2\bin;C:\Program Files (x86)\GitHub CLI\;C:\Users\WRECKER\AppData\Local\Yarn\bin;C:\Program Files\JetBrains\PhpStorm 2021.3.2\bin;C:\Users\WRECKER\go\bin;C:\Users\WRECKER\AppData\Local\Google\Cloud SDK\google-cloud-sdk\bin;C:\Program Files\JetBrains\IntelliJ IDEA 2023.1.4\bin;;C:\Program Files\JetBrains\PhpStorm 2023.1.4\bin;;C:\Program Files\JetBrains\WebStorm 2023.1.4\bin;;C:\Users\WRECKER\AppData\Roaming\npm;C:\Users\WRECKER\AppData\Roaming\nvm;C:\Program Files\nodejs;C:\Program Files\JetBrains\PyCharm 2023.2.2\bin;;."/>
    <property name="java.vm.info" value="mixed mode, sharing"/>
    <property name="stderr.encoding" value="Cp1252"/>
    <property name="java.vendor" value="Oracle Corporation"/>
    <property name="java.vm.version" value="20.0.1+9-29"/>
    <property name="sun.io.unicode.encoding" value="UnicodeLittle"/>
    <property name="java.class.version" value="64.0"/>
  </properties>
  <testcase name="contextLoads" classname="com.helios.api.HeliosApiApplicationTests" time="0.727">
    <system-out><![CDATA[10:57:39.604 [main] INFO org.springframework.test.context.support.AnnotationConfigContextLoaderUtils -- Could not detect default configuration classes for test class [com.helios.api.HeliosApiApplicationTests]: HeliosApiApplicationTests does not declare any static, non-private, non-final, nested classes annotated with @Configuration.
10:57:39.945 [main] INFO org.springframework.boot.test.context.SpringBootTestContextBootstrapper -- Found @SpringBootConfiguration com.helios.api.HeliosApiApplication for test class com.helios.api.HeliosApiApplicationTests

  .   ____          _            __ _ _
 /\\ / ___'_ __ _ _(_)_ __  __ _ \ \ \ \
( ( )\___ | '_ | '_| | '_ \/ _` | \ \ \ \
 \\/  ___)| |_)| | | | | || (_| |  ) ) ) )
  '  |____| .__|_| |_|_| |_\__, | / / / /
 =========|_|==============|___/=/_/_/_/
 :: Spring Boot ::                (v3.1.3)

2024-04-18T10:57:40.854+05:30  INFO 19184 --- [           main] c.helios.api.HeliosApiApplicationTests   : Starting HeliosApiApplicationTests using Java 20.0.1 with PID 19184 (started by WRECKER in D:\ICBT\Assignments\Applications\Helios\helios-api)
2024-04-18T10:57:40.856+05:30  INFO 19184 --- [           main] c.helios.api.HeliosApiApplicationTests   : No active profile set, falling back to 1 default profile: "default"
2024-04-18T10:57:42.053+05:30  INFO 19184 --- [           main] .s.d.r.c.RepositoryConfigurationDelegate : Bootstrapping Spring Data JPA repositories in DEFAULT mode.
2024-04-18T10:57:42.164+05:30  INFO 19184 --- [           main] .s.d.r.c.RepositoryConfigurationDelegate : Finished Spring Data repository scanning in 99 ms. Found 7 JPA repository interfaces.
2024-04-18T10:57:43.047+05:30  INFO 19184 --- [           main] o.hibernate.jpa.internal.util.LogHelper  : HHH000204: Processing PersistenceUnitInfo [name: default]
2024-04-18T10:57:43.117+05:30  INFO 19184 --- [           main] org.hibernate.Version                    : HHH000412: Hibernate ORM core version 6.2.7.Final
2024-04-18T10:57:43.119+05:30  INFO 19184 --- [           main] org.hibernate.cfg.Environment            : HHH000406: Using bytecode reflection optimizer
2024-04-18T10:57:43.389+05:30  INFO 19184 --- [           main] o.h.b.i.BytecodeProviderInitiator        : HHH000021: Bytecode provider name : bytebuddy
2024-04-18T10:57:43.643+05:30  INFO 19184 --- [           main] o.s.o.j.p.SpringPersistenceUnitInfo      : No LoadTimeWeaver setup: ignoring JPA class transformer
2024-04-18T10:57:43.674+05:30  INFO 19184 --- [           main] com.zaxxer.hikari.HikariDataSource       : HikariPool-1 - Starting...
2024-04-18T10:57:44.448+05:30  INFO 19184 --- [           main] com.zaxxer.hikari.pool.HikariPool        : HikariPool-1 - Added connection com.mysql.cj.jdbc.ConnectionImpl@4de91056
2024-04-18T10:57:44.451+05:30  INFO 19184 --- [           main] com.zaxxer.hikari.HikariDataSource       : HikariPool-1 - Start completed.
2024-04-18T10:57:45.294+05:30  INFO 19184 --- [           main] o.h.b.i.BytecodeProviderInitiator        : HHH000021: Bytecode provider name : bytebuddy
2024-04-18T10:57:46.613+05:30  INFO 19184 --- [           main] o.h.e.t.j.p.i.JtaPlatformInitiator       : HHH000490: Using JtaPlatform implementation: [org.hibernate.engine.transaction.jta.platform.internal.NoJtaPlatform]
Hibernate: alter table appointments drop foreign key FKqlxfyb7rn242o0q1nfj1rscxr
Hibernate: alter table appointments drop foreign key FK8exap5wmg8kmb1g1rx3by21yt
Hibernate: alter table appointments drop foreign key FK20g4fjnwy7g8i5yt9vc1kr923
Hibernate: alter table consultants drop foreign key FKdrjwxtg9rr5kuswb6yj5f8twi
Hibernate: alter table consultants drop foreign key FK4fnv3c227tbniosx5ln1wb4ok
Hibernate: alter table patients drop foreign key FKuwca24wcd1tg6pjex8lmc0y7
Hibernate: alter table schedules drop foreign key FK9thphvp8515lee902ua63fr21
Hibernate: alter table user_role drop foreign key FKt7e7djp752sqn6w22i6ocqy6q
Hibernate: alter table user_role drop foreign key FKj345gk1bovqvfame88rcx7yyx
Hibernate: drop table if exists appointments
Hibernate: drop table if exists consultants
Hibernate: drop table if exists job_types
Hibernate: drop table if exists patients
Hibernate: drop table if exists roles
Hibernate: drop table if exists schedules
Hibernate: drop table if exists user_role
Hibernate: drop table if exists users
Hibernate: create table appointments (is_accepted bit not null, status integer not null, appointment_id bigint not null auto_increment, consultant_id bigint not null, create_date datetime(6), patient_id bigint not null, schedule_id bigint not null, primary key (appointment_id)) engine=InnoDB
Hibernate: create table consultants (is_available bit not null, consultant_id bigint not null auto_increment, jobtype_id bigint not null, user_id bigint not null, contact_number varchar(255) not null, email varchar(255) not null, first_name varchar(255) not null, last_name varchar(255) not null, remark varchar(255), primary key (consultant_id)) engine=InnoDB
Hibernate: create table job_types (status integer, jobtype_id bigint not null auto_increment, job_type varchar(255), primary key (jobtype_id)) engine=InnoDB
Hibernate: create table patients (is_active bit not null, patient_id bigint not null auto_increment, user_id bigint not null, contact_number varchar(255) not null, email varchar(255) not null, first_name varchar(255) not null, last_name varchar(255) not null, remark varchar(255), primary key (patient_id)) engine=InnoDB
Hibernate: create table roles (role_id bigint not null auto_increment, name varchar(45) not null, primary key (role_id)) engine=InnoDB
Hibernate: create table schedules (end_date date not null, end_time time(6) not null, is_booked bit not null, start_date date not null, start_time time(6) not null, consultant_id bigint not null, schedule_id bigint not null auto_increment, end varchar(255) not null, start varchar(255) not null, title varchar(255) not null, primary key (schedule_id)) engine=InnoDB
Hibernate: create table user_role (role_id bigint not null, user_id bigint not null, primary key (role_id, user_id)) engine=InnoDB
Hibernate: create table users (user_id bigint not null auto_increment, user_name varchar(45) not null, email varchar(64) not null, full_name varchar(255) not null, password varchar(255) not null, primary key (user_id)) engine=InnoDB
Hibernate: alter table consultants add constraint UK_5j6u7rwuppryp1uugk63hybuc unique (user_id)
Hibernate: alter table patients add constraint UK_9tbsl3fmey0eofbm2xj69v4qs unique (user_id)
Hibernate: alter table roles add constraint UK_ofx66keruapi6vyqpv6f2or37 unique (name)
Hibernate: alter table users add constraint UK_k8d0f2n7n88w1a16yhua64onx unique (user_name)
Hibernate: alter table users add constraint UK_6dotkott2kjsp8vw4d0m25fb7 unique (email)
Hibernate: alter table appointments add constraint FKqlxfyb7rn242o0q1nfj1rscxr foreign key (consultant_id) references consultants (consultant_id)
Hibernate: alter table appointments add constraint FK8exap5wmg8kmb1g1rx3by21yt foreign key (patient_id) references patients (patient_id)
Hibernate: alter table appointments add constraint FK20g4fjnwy7g8i5yt9vc1kr923 foreign key (schedule_id) references schedules (schedule_id)
Hibernate: alter table consultants add constraint FKdrjwxtg9rr5kuswb6yj5f8twi foreign key (jobtype_id) references job_types (jobtype_id)
Hibernate: alter table consultants add constraint FK4fnv3c227tbniosx5ln1wb4ok foreign key (user_id) references users (user_id)
Hibernate: alter table patients add constraint FKuwca24wcd1tg6pjex8lmc0y7 foreign key (user_id) references users (user_id)
Hibernate: alter table schedules add constraint FK9thphvp8515lee902ua63fr21 foreign key (consultant_id) references consultants (consultant_id)
Hibernate: alter table user_role add constraint FKt7e7djp752sqn6w22i6ocqy6q foreign key (role_id) references roles (role_id)
Hibernate: alter table user_role add constraint FKj345gk1bovqvfame88rcx7yyx foreign key (user_id) references users (user_id)
2024-04-18T10:57:48.868+05:30  INFO 19184 --- [           main] j.LocalContainerEntityManagerFactoryBean : Initialized JPA EntityManagerFactory for persistence unit 'default'
2024-04-18T10:57:49.856+05:30  INFO 19184 --- [           main] o.s.d.j.r.query.QueryEnhancerFactory     : Hibernate is in classpath; If applicable, HQL parser will be used.
2024-04-18T10:57:51.198+05:30  WARN 19184 --- [           main] JpaBaseConfiguration$JpaWebConfiguration : spring.jpa.open-in-view is enabled by default. Therefore, database queries may be performed during view rendering. Explicitly configure spring.jpa.open-in-view to disable this warning
2024-04-18T10:57:51.752+05:30  INFO 19184 --- [           main] o.s.s.web.DefaultSecurityFilterChain     : Will secure any request with [org.springframework.security.web.session.DisableEncodeUrlFilter@400cb9ef, org.springframework.security.web.context.request.async.WebAsyncManagerIntegrationFilter@1405dd10, org.springframework.security.web.context.SecurityContextHolderFilter@1160c54b, org.springframework.security.web.header.HeaderWriterFilter@f341e3c, org.springframework.web.filter.CorsFilter@30e29c0c, org.springframework.security.web.authentication.logout.LogoutFilter@72cb5d7d, com.helios.api.filter.JwtAuthFilter@5eadc347, org.springframework.security.web.savedrequest.RequestCacheAwareFilter@5034e0c6, org.springframework.security.web.servletapi.SecurityContextHolderAwareRequestFilter@b88d294, org.springframework.security.web.authentication.AnonymousAuthenticationFilter@1dc9aba0, org.springframework.security.web.session.SessionManagementFilter@6999dca2, org.springframework.security.web.access.ExceptionTranslationFilter@2c51ff83, org.springframework.security.web.access.intercept.AuthorizationFilter@4e1349cf]
2024-04-18T10:57:52.356+05:30  INFO 19184 --- [           main] c.helios.api.HeliosApiApplicationTests   : Started HeliosApiApplicationTests in 12.064 seconds (process running for 14.616)
Hibernate: insert into job_types (job_type,status) values (?,?)
Hibernate: insert into job_types (job_type,status) values (?,?)
Hibernate: insert into job_types (job_type,status) values (?,?)
Hibernate: insert into job_types (job_type,status) values (?,?)
Hibernate: insert into job_types (job_type,status) values (?,?)
Hibernate: insert into roles (name) values (?)
Hibernate: insert into roles (name) values (?)
Hibernate: insert into roles (name) values (?)
Hibernate: insert into roles (name) values (?)
Hibernate: insert into users (email,full_name,password,user_name) values (?,?,?,?)
Hibernate: select u1_0.user_id,u1_0.email,u1_0.full_name,u1_0.password,r1_0.user_id,r1_1.role_id,r1_1.name,u1_0.user_name from users u1_0 left join (user_role r1_0 join roles r1_1 on r1_1.role_id=r1_0.role_id) on u1_0.user_id=r1_0.user_id where u1_0.user_id=?
Hibernate: select r1_0.role_id,r1_0.name from roles r1_0 where r1_0.role_id=?
Hibernate: select u1_0.role_id,u1_1.user_id,u1_1.email,u1_1.full_name,u1_1.password,u1_1.user_name from user_role u1_0 join users u1_1 on u1_1.user_id=u1_0.user_id where u1_0.role_id=?
Hibernate: insert into user_role (user_id,role_id) values (?,?)
]]></system-out>
  </testcase>
  <testcase name="testSingletonBean" classname="com.helios.api.HeliosApiApplicationTests" time="0.018"/>
</testsuite>